
> pathology@0.0.0 start /home/ec2-user/pathology
> node ./bin/www

[0mGET /test [32m200 [0m8.781 ms - -[0m
[0mGET / [36m304 [0m13.316 ms - -[0m
[0mGET /stylesheets/style.css [36m304 [0m2.596 ms - -[0m
[0mGET /test [32m200 [0m0.731 ms - -[0m
[0mGET /test [32m200 [0m0.983 ms - -[0m
[0mGET /favicon.ico [33m404 [0m4.002 ms - 977[0m
[0mGET /test [32m200 [0m0.616 ms - -[0m
[0mGET /test [32m200 [0m0.589 ms - -[0m
[0mGET http://testp4.pospr.waw.pl/testproxy.php [33m404 [0m1.831 ms - 977[0m
[0mGET http://testp5.mielno.lubin.pl/testproxy.php [33m404 [0m1.302 ms - 977[0m
[0mGET http://testp5.mielno.lubin.pl/testproxy.php [33m404 [0m2.304 ms - 977[0m
[0mGET / [32m200 [0m2.012 ms - 207[0m
[0mGET /robots.txt [33m404 [0m1.624 ms - 977[0m
[0mGET /sitemap.xml [33m404 [0m1.631 ms - 977[0m
[0mGET / [32m200 [0m1.814 ms - 207[0m
[0mGET / [32m200 [0m0.962 ms - 207[0m

npm ERR! Linux 4.1.7-15.23.amzn1.x86_64
npm ERR! argv "node" "/usr/bin/npm" "start"
npm ERR! node v0.10.33
npm ERR! npm  v2.7.6
npm ERR! code ELIFECYCLE
npm ERR! pathology@0.0.0 start: `node ./bin/www`
npm ERR! Exit status 143
npm ERR! 
npm ERR! Failed at the pathology@0.0.0 start script 'node ./bin/www'.
npm ERR! This is most likely a problem with the pathology package,
npm ERR! not with npm itself.
npm ERR! Tell the author that this fails on your system:
npm ERR!     node ./bin/www
npm ERR! You can get their info via:
npm ERR!     npm owner ls pathology
npm ERR! There is likely additional logging output above.

npm ERR! Please include the following file with any support request:
npm ERR!     /home/ec2-user/pathology/npm-debug.log
